c:\users\administrator\documents\visual studio 2015\projects\videoprocessor\videoprocessor\debug\videoprocessor.pch
c:\users\administrator\documents\visual studio 2015\projects\videoprocessor\videoprocessor\debug\vc140.pdb
c:\users\administrator\documents\visual studio 2015\projects\videoprocessor\videoprocessor\debug\vc140.idb
c:\users\administrator\documents\visual studio 2015\projects\videoprocessor\videoprocessor\debug\stdafx.obj
c:\users\administrator\documents\visual studio 2015\projects\videoprocessor\videoprocessor\debug\videoprocessing.obj
c:\users\administrator\documents\visual studio 2015\projects\videoprocessor\videoprocessor\debug\segmentation.obj
c:\users\administrator\documents\visual studio 2015\projects\videoprocessor\videoprocessor\debug\myimagefunc.obj
c:\users\administrator\documents\visual studio 2015\projects\videoprocessor\videoprocessor\debug\imageframewnd.obj
c:\users\administrator\documents\visual studio 2015\projects\videoprocessor\videoprocessor\debug\imageframewndmanager.obj
c:\users\administrator\documents\visual studio 2015\projects\videoprocessor\videoprocessor\debug\imageview.obj
c:\users\administrator\documents\visual studio 2015\projects\videoprocessor\videoprocessor\debug\videoprocessor.obj
c:\users\administrator\documents\visual studio 2015\projects\videoprocessor\videoprocessor\debug\videoprocessordlg.obj
c:\users\administrator\documents\visual studio 2015\projects\videoprocessor\videoprocessor\debug\loadimagefromfiledialog.obj
c:\users\administrator\documents\visual studio 2015\projects\videoprocessor\videoprocessor\debug\videoprocessor.res
c:\users\administrator\documents\visual studio 2015\projects\videoprocessor\debug\videoprocessor.pdb
c:\users\administrator\documents\visual studio 2015\projects\videoprocessor\debug\videoprocessor.exe
c:\users\administrator\documents\visual studio 2015\projects\videoprocessor\debug\videoprocessor.ilk
c:\users\administrator\documents\visual studio 2015\projects\videoprocessor\videoprocessor\debug\videoprocessor.tlog\cl.command.1.tlog
c:\users\administrator\documents\visual studio 2015\projects\videoprocessor\videoprocessor\debug\videoprocessor.tlog\cl.read.1.tlog
c:\users\administrator\documents\visual studio 2015\projects\videoprocessor\videoprocessor\debug\videoprocessor.tlog\cl.write.1.tlog
c:\users\administrator\documents\visual studio 2015\projects\videoprocessor\videoprocessor\debug\videoprocessor.tlog\link.command.1.tlog
c:\users\administrator\documents\visual studio 2015\projects\videoprocessor\videoprocessor\debug\videoprocessor.tlog\link.read.1.tlog
c:\users\administrator\documents\visual studio 2015\projects\videoprocessor\videoprocessor\debug\videoprocessor.tlog\link.write.1.tlog
c:\users\administrator\documents\visual studio 2015\projects\videoprocessor\videoprocessor\debug\videoprocessor.tlog\rc.command.1.tlog
c:\users\administrator\documents\visual studio 2015\projects\videoprocessor\videoprocessor\debug\videoprocessor.tlog\rc.read.1.tlog
c:\users\administrator\documents\visual studio 2015\projects\videoprocessor\videoprocessor\debug\videoprocessor.tlog\rc.write.1.tlog
